{"/home/wsl/projects/Full-stack-open-wandering/part2-notes-frontend-part2-1/src/App.jsx": {"path":"/home/wsl/projects/Full-stack-open-wandering/part2-notes-frontend-part2-1/src/App.jsx","all":true,"statementMap":{"0":{"start":{"line":1,"column":0},"end":{"line":1,"column":51}},"1":{"start":{"line":2,"column":0},"end":{"line":2,"column":36}},"2":{"start":{"line":3,"column":0},"end":{"line":3,"column":52}},"3":{"start":{"line":4,"column":0},"end":{"line":4,"column":40}},"4":{"start":{"line":5,"column":0},"end":{"line":5,"column":42}},"5":{"start":{"line":6,"column":0},"end":{"line":6,"column":43}},"6":{"start":{"line":7,"column":0},"end":{"line":7,"column":46}},"7":{"start":{"line":8,"column":0},"end":{"line":8,"column":46}},"8":{"start":{"line":9,"column":0},"end":{"line":9,"column":44}},"9":{"start":{"line":10,"column":0},"end":{"line":10,"column":0}},"10":{"start":{"line":11,"column":0},"end":{"line":11,"column":19}},"11":{"start":{"line":12,"column":0},"end":{"line":12,"column":40}},"12":{"start":{"line":13,"column":0},"end":{"line":13,"column":46}},"13":{"start":{"line":14,"column":0},"end":{"line":14,"column":56}},"14":{"start":{"line":15,"column":0},"end":{"line":15,"column":46}},"15":{"start":{"line":16,"column":0},"end":{"line":16,"column":46}},"16":{"start":{"line":17,"column":0},"end":{"line":17,"column":40}},"17":{"start":{"line":18,"column":0},"end":{"line":18,"column":57}},"18":{"start":{"line":19,"column":0},"end":{"line":19,"column":0}},"19":{"start":{"line":20,"column":0},"end":{"line":20,"column":30}},"20":{"start":{"line":21,"column":0},"end":{"line":21,"column":0}},"21":{"start":{"line":22,"column":0},"end":{"line":22,"column":19}},"22":{"start":{"line":23,"column":0},"end":{"line":23,"column":75}},"23":{"start":{"line":24,"column":0},"end":{"line":24,"column":25}},"24":{"start":{"line":25,"column":0},"end":{"line":25,"column":45}},"25":{"start":{"line":26,"column":0},"end":{"line":26,"column":19}},"26":{"start":{"line":27,"column":0},"end":{"line":27,"column":38}},"27":{"start":{"line":28,"column":0},"end":{"line":28,"column":5}},"28":{"start":{"line":29,"column":0},"end":{"line":29,"column":8}},"29":{"start":{"line":30,"column":0},"end":{"line":30,"column":0}},"30":{"start":{"line":31,"column":0},"end":{"line":31,"column":19}},"31":{"start":{"line":32,"column":0},"end":{"line":32,"column":49}},"32":{"start":{"line":33,"column":0},"end":{"line":33,"column":28}},"33":{"start":{"line":34,"column":0},"end":{"line":34,"column":6}},"34":{"start":{"line":35,"column":0},"end":{"line":35,"column":8}},"35":{"start":{"line":36,"column":0},"end":{"line":36,"column":0}},"36":{"start":{"line":37,"column":0},"end":{"line":37,"column":38}},"37":{"start":{"line":38,"column":0},"end":{"line":38,"column":47}},"38":{"start":{"line":39,"column":0},"end":{"line":39,"column":63}},"39":{"start":{"line":40,"column":0},"end":{"line":40,"column":0}},"40":{"start":{"line":41,"column":0},"end":{"line":41,"column":15}},"41":{"start":{"line":42,"column":0},"end":{"line":42,"column":30}},"42":{"start":{"line":43,"column":0},"end":{"line":43,"column":31}},"43":{"start":{"line":44,"column":0},"end":{"line":44,"column":77}},"44":{"start":{"line":45,"column":0},"end":{"line":45,"column":8}},"45":{"start":{"line":46,"column":0},"end":{"line":46,"column":25}},"46":{"start":{"line":47,"column":0},"end":{"line":47,"column":24}},"47":{"start":{"line":48,"column":0},"end":{"line":48,"column":66}},"48":{"start":{"line":49,"column":0},"end":{"line":49,"column":9}},"49":{"start":{"line":50,"column":0},"end":{"line":50,"column":26}},"50":{"start":{"line":51,"column":0},"end":{"line":51,"column":31}},"51":{"start":{"line":52,"column":0},"end":{"line":52,"column":16}},"52":{"start":{"line":53,"column":0},"end":{"line":53,"column":8}},"53":{"start":{"line":54,"column":0},"end":{"line":54,"column":3}},"54":{"start":{"line":55,"column":0},"end":{"line":55,"column":0}},"55":{"start":{"line":56,"column":0},"end":{"line":56,"column":40}},"56":{"start":{"line":57,"column":0},"end":{"line":57,"column":26}},"57":{"start":{"line":58,"column":0},"end":{"line":58,"column":0}},"58":{"start":{"line":59,"column":0},"end":{"line":59,"column":9}},"59":{"start":{"line":60,"column":0},"end":{"line":60,"column":45}},"60":{"start":{"line":61,"column":0},"end":{"line":61,"column":17}},"61":{"start":{"line":62,"column":0},"end":{"line":62,"column":17}},"62":{"start":{"line":63,"column":0},"end":{"line":63,"column":8}},"63":{"start":{"line":64,"column":0},"end":{"line":64,"column":76}},"64":{"start":{"line":65,"column":0},"end":{"line":65,"column":38}},"65":{"start":{"line":66,"column":0},"end":{"line":66,"column":19}},"66":{"start":{"line":67,"column":0},"end":{"line":67,"column":21}},"67":{"start":{"line":68,"column":0},"end":{"line":68,"column":21}},"68":{"start":{"line":69,"column":0},"end":{"line":69,"column":25}},"69":{"start":{"line":70,"column":0},"end":{"line":70,"column":42}},"70":{"start":{"line":71,"column":0},"end":{"line":71,"column":24}},"71":{"start":{"line":72,"column":0},"end":{"line":72,"column":29}},"72":{"start":{"line":73,"column":0},"end":{"line":73,"column":14}},"73":{"start":{"line":74,"column":0},"end":{"line":74,"column":5}},"74":{"start":{"line":75,"column":0},"end":{"line":75,"column":3}},"75":{"start":{"line":76,"column":0},"end":{"line":76,"column":0}},"76":{"start":{"line":77,"column":0},"end":{"line":77,"column":35}},"77":{"start":{"line":78,"column":0},"end":{"line":78,"column":42}},"78":{"start":{"line":79,"column":0},"end":{"line":79,"column":59}},"79":{"start":{"line":80,"column":0},"end":{"line":80,"column":42}},"80":{"start":{"line":81,"column":0},"end":{"line":81,"column":6}},"81":{"start":{"line":82,"column":0},"end":{"line":82,"column":3}},"82":{"start":{"line":83,"column":0},"end":{"line":83,"column":0}},"83":{"start":{"line":84,"column":0},"end":{"line":84,"column":78}},"84":{"start":{"line":85,"column":0},"end":{"line":85,"column":0}},"85":{"start":{"line":86,"column":0},"end":{"line":86,"column":27}},"86":{"start":{"line":87,"column":0},"end":{"line":87,"column":67}},"87":{"start":{"line":88,"column":0},"end":{"line":88,"column":67}},"88":{"start":{"line":89,"column":0},"end":{"line":89,"column":0}},"89":{"start":{"line":90,"column":0},"end":{"line":90,"column":12}},"90":{"start":{"line":91,"column":0},"end":{"line":91,"column":11}},"91":{"start":{"line":92,"column":0},"end":{"line":92,"column":37}},"92":{"start":{"line":93,"column":0},"end":{"line":93,"column":71}},"93":{"start":{"line":94,"column":0},"end":{"line":94,"column":14}},"94":{"start":{"line":95,"column":0},"end":{"line":95,"column":37}},"95":{"start":{"line":96,"column":0},"end":{"line":96,"column":20}},"96":{"start":{"line":97,"column":0},"end":{"line":97,"column":31}},"97":{"start":{"line":98,"column":0},"end":{"line":98,"column":31}},"98":{"start":{"line":99,"column":0},"end":{"line":99,"column":76}},"99":{"start":{"line":100,"column":0},"end":{"line":100,"column":76}},"100":{"start":{"line":101,"column":0},"end":{"line":101,"column":38}},"101":{"start":{"line":102,"column":0},"end":{"line":102,"column":12}},"102":{"start":{"line":103,"column":0},"end":{"line":103,"column":72}},"103":{"start":{"line":104,"column":0},"end":{"line":104,"column":14}},"104":{"start":{"line":105,"column":0},"end":{"line":105,"column":12}},"105":{"start":{"line":106,"column":0},"end":{"line":106,"column":5}},"106":{"start":{"line":107,"column":0},"end":{"line":107,"column":3}},"107":{"start":{"line":108,"column":0},"end":{"line":108,"column":0}},"108":{"start":{"line":109,"column":0},"end":{"line":109,"column":10}},"109":{"start":{"line":110,"column":0},"end":{"line":110,"column":9}},"110":{"start":{"line":111,"column":0},"end":{"line":111,"column":20}},"111":{"start":{"line":112,"column":0},"end":{"line":112,"column":45}},"112":{"start":{"line":113,"column":0},"end":{"line":113,"column":0}},"113":{"start":{"line":114,"column":0},"end":{"line":114,"column":28}},"114":{"start":{"line":115,"column":0},"end":{"line":115,"column":16}},"115":{"start":{"line":116,"column":0},"end":{"line":116,"column":13}},"116":{"start":{"line":117,"column":0},"end":{"line":117,"column":38}},"117":{"start":{"line":118,"column":0},"end":{"line":118,"column":62}},"118":{"start":{"line":119,"column":0},"end":{"line":119,"column":45}},"119":{"start":{"line":120,"column":0},"end":{"line":120,"column":22}},"120":{"start":{"line":121,"column":0},"end":{"line":121,"column":14}},"121":{"start":{"line":122,"column":0},"end":{"line":122,"column":8}},"122":{"start":{"line":123,"column":0},"end":{"line":123,"column":0}},"123":{"start":{"line":124,"column":0},"end":{"line":124,"column":11}},"124":{"start":{"line":125,"column":0},"end":{"line":125,"column":53}},"125":{"start":{"line":126,"column":0},"end":{"line":126,"column":46}},"126":{"start":{"line":127,"column":0},"end":{"line":127,"column":17}},"127":{"start":{"line":128,"column":0},"end":{"line":128,"column":12}},"128":{"start":{"line":129,"column":0},"end":{"line":129,"column":10}},"129":{"start":{"line":130,"column":0},"end":{"line":130,"column":36}},"130":{"start":{"line":131,"column":0},"end":{"line":131,"column":15}},"131":{"start":{"line":132,"column":0},"end":{"line":132,"column":25}},"132":{"start":{"line":133,"column":0},"end":{"line":133,"column":23}},"133":{"start":{"line":134,"column":0},"end":{"line":134,"column":64}},"134":{"start":{"line":135,"column":0},"end":{"line":135,"column":12}},"135":{"start":{"line":136,"column":0},"end":{"line":136,"column":11}},"136":{"start":{"line":137,"column":0},"end":{"line":137,"column":11}},"137":{"start":{"line":138,"column":0},"end":{"line":138,"column":16}},"138":{"start":{"line":139,"column":0},"end":{"line":139,"column":10}},"139":{"start":{"line":140,"column":0},"end":{"line":140,"column":3}},"140":{"start":{"line":141,"column":0},"end":{"line":141,"column":1}},"141":{"start":{"line":142,"column":0},"end":{"line":142,"column":0}},"142":{"start":{"line":143,"column":0},"end":{"line":143,"column":18}}},"s":{"0":0,"1":0,"2":0,"3":0,"4":0,"5":0,"6":0,"7":0,"8":0,"9":0,"10":0,"11":0,"12":0,"13":0,"14":0,"15":0,"16":0,"17":0,"18":0,"19":0,"20":0,"21":0,"22":0,"23":0,"24":0,"25":0,"26":0,"27":0,"28":0,"29":0,"30":0,"31":0,"32":0,"33":0,"34":0,"35":0,"36":0,"37":0,"38":0,"39":0,"40":0,"41":0,"42":0,"43":0,"44":0,"45":0,"46":0,"47":0,"48":0,"49":0,"50":0,"51":0,"52":0,"53":0,"54":0,"55":0,"56":0,"57":0,"58":0,"59":0,"60":0,"61":0,"62":0,"63":0,"64":0,"65":0,"66":0,"67":0,"68":0,"69":0,"70":0,"71":0,"72":0,"73":0,"74":0,"75":0,"76":0,"77":0,"78":0,"79":0,"80":0,"81":0,"82":0,"83":0,"84":0,"85":0,"86":0,"87":0,"88":0,"89":0,"90":0,"91":0,"92":0,"93":0,"94":0,"95":0,"96":0,"97":0,"98":0,"99":0,"100":0,"101":0,"102":0,"103":0,"104":0,"105":0,"106":0,"107":0,"108":0,"109":0,"110":0,"111":0,"112":0,"113":0,"114":0,"115":0,"116":0,"117":0,"118":0,"119":0,"120":0,"121":0,"122":0,"123":0,"124":0,"125":0,"126":0,"127":0,"128":0,"129":0,"130":0,"131":0,"132":0,"133":0,"134":0,"135":0,"136":0,"137":0,"138":0,"139":0,"140":0,"141":0,"142":0},"branchMap":{"0":{"type":"branch","line":1,"loc":{"start":{"line":1,"column":0},"end":{"line":143,"column":18}},"locations":[{"start":{"line":1,"column":0},"end":{"line":143,"column":18}}]}},"b":{"0":[0]},"fnMap":{"0":{"name":"(empty-report)","decl":{"start":{"line":1,"column":0},"end":{"line":143,"column":18}},"loc":{"start":{"line":1,"column":0},"end":{"line":143,"column":18}},"line":1}},"f":{"0":0}}
,"/home/wsl/projects/Full-stack-open-wandering/part2-notes-frontend-part2-1/src/main.jsx": {"path":"/home/wsl/projects/Full-stack-open-wandering/part2-notes-frontend-part2-1/src/main.jsx","all":true,"statementMap":{"0":{"start":{"line":1,"column":0},"end":{"line":1,"column":39}},"1":{"start":{"line":2,"column":0},"end":{"line":2,"column":23}},"2":{"start":{"line":3,"column":0},"end":{"line":3,"column":0}},"3":{"start":{"line":4,"column":0},"end":{"line":4,"column":68}}},"s":{"0":0,"1":0,"2":0,"3":0},"branchMap":{"0":{"type":"branch","line":1,"loc":{"start":{"line":1,"column":0},"end":{"line":4,"column":68}},"locations":[{"start":{"line":1,"column":0},"end":{"line":4,"column":68}}]}},"b":{"0":[0]},"fnMap":{"0":{"name":"(empty-report)","decl":{"start":{"line":1,"column":0},"end":{"line":4,"column":68}},"loc":{"start":{"line":1,"column":0},"end":{"line":4,"column":68}},"line":1}},"f":{"0":0}}
,"/home/wsl/projects/Full-stack-open-wandering/part2-notes-frontend-part2-1/src/components/Footer.jsx": {"path":"/home/wsl/projects/Full-stack-open-wandering/part2-notes-frontend-part2-1/src/components/Footer.jsx","all":true,"statementMap":{"0":{"start":{"line":1,"column":0},"end":{"line":1,"column":22}},"1":{"start":{"line":2,"column":0},"end":{"line":2,"column":23}},"2":{"start":{"line":3,"column":0},"end":{"line":3,"column":19}},"3":{"start":{"line":4,"column":0},"end":{"line":4,"column":24}},"4":{"start":{"line":5,"column":0},"end":{"line":5,"column":17}},"5":{"start":{"line":6,"column":0},"end":{"line":6,"column":3}},"6":{"start":{"line":7,"column":0},"end":{"line":7,"column":0}},"7":{"start":{"line":8,"column":0},"end":{"line":8,"column":10}},"8":{"start":{"line":9,"column":0},"end":{"line":9,"column":29}},"9":{"start":{"line":10,"column":0},"end":{"line":10,"column":12}},"10":{"start":{"line":11,"column":0},"end":{"line":11,"column":10}},"11":{"start":{"line":12,"column":0},"end":{"line":12,"column":77}},"12":{"start":{"line":13,"column":0},"end":{"line":13,"column":11}},"13":{"start":{"line":14,"column":0},"end":{"line":14,"column":10}},"14":{"start":{"line":15,"column":0},"end":{"line":15,"column":3}},"15":{"start":{"line":16,"column":0},"end":{"line":16,"column":1}},"16":{"start":{"line":17,"column":0},"end":{"line":17,"column":0}},"17":{"start":{"line":18,"column":0},"end":{"line":18,"column":21}}},"s":{"0":0,"1":0,"2":0,"3":0,"4":0,"5":0,"6":0,"7":0,"8":0,"9":0,"10":0,"11":0,"12":0,"13":0,"14":0,"15":0,"16":0,"17":0},"branchMap":{"0":{"type":"branch","line":1,"loc":{"start":{"line":1,"column":0},"end":{"line":18,"column":21}},"locations":[{"start":{"line":1,"column":0},"end":{"line":18,"column":21}}]}},"b":{"0":[0]},"fnMap":{"0":{"name":"(empty-report)","decl":{"start":{"line":1,"column":0},"end":{"line":18,"column":21}},"loc":{"start":{"line":1,"column":0},"end":{"line":18,"column":21}},"line":1}},"f":{"0":0}}
,"/home/wsl/projects/Full-stack-open-wandering/part2-notes-frontend-part2-1/src/components/LoginForm.jsx": {"path":"/home/wsl/projects/Full-stack-open-wandering/part2-notes-frontend-part2-1/src/components/LoginForm.jsx","all":true,"statementMap":{"0":{"start":{"line":1,"column":0},"end":{"line":1,"column":34}},"1":{"start":{"line":2,"column":0},"end":{"line":2,"column":0}},"2":{"start":{"line":3,"column":0},"end":{"line":3,"column":20}},"3":{"start":{"line":4,"column":0},"end":{"line":4,"column":15}},"4":{"start":{"line":5,"column":0},"end":{"line":5,"column":23}},"5":{"start":{"line":6,"column":0},"end":{"line":6,"column":23}},"6":{"start":{"line":7,"column":0},"end":{"line":7,"column":11}},"7":{"start":{"line":8,"column":0},"end":{"line":8,"column":11}},"8":{"start":{"line":9,"column":0},"end":{"line":9,"column":7}},"9":{"start":{"line":10,"column":0},"end":{"line":10,"column":10}},"10":{"start":{"line":11,"column":0},"end":{"line":11,"column":9}},"11":{"start":{"line":12,"column":0},"end":{"line":12,"column":20}},"12":{"start":{"line":13,"column":0},"end":{"line":13,"column":0}},"13":{"start":{"line":14,"column":0},"end":{"line":14,"column":36}},"14":{"start":{"line":15,"column":0},"end":{"line":15,"column":13}},"15":{"start":{"line":16,"column":0},"end":{"line":16,"column":18}},"16":{"start":{"line":17,"column":0},"end":{"line":17,"column":68}},"17":{"start":{"line":18,"column":0},"end":{"line":18,"column":14}},"18":{"start":{"line":19,"column":0},"end":{"line":19,"column":13}},"19":{"start":{"line":20,"column":0},"end":{"line":20,"column":18}},"20":{"start":{"line":21,"column":0},"end":{"line":21,"column":16}},"21":{"start":{"line":22,"column":0},"end":{"line":22,"column":27}},"22":{"start":{"line":23,"column":0},"end":{"line":23,"column":28}},"23":{"start":{"line":24,"column":0},"end":{"line":24,"column":43}},"24":{"start":{"line":25,"column":0},"end":{"line":25,"column":12}},"25":{"start":{"line":26,"column":0},"end":{"line":26,"column":14}},"26":{"start":{"line":27,"column":0},"end":{"line":27,"column":44}},"27":{"start":{"line":28,"column":0},"end":{"line":28,"column":13}},"28":{"start":{"line":29,"column":0},"end":{"line":29,"column":10}},"29":{"start":{"line":30,"column":0},"end":{"line":30,"column":3}},"30":{"start":{"line":31,"column":0},"end":{"line":31,"column":1}},"31":{"start":{"line":32,"column":0},"end":{"line":32,"column":0}},"32":{"start":{"line":33,"column":0},"end":{"line":33,"column":23}},"33":{"start":{"line":34,"column":0},"end":{"line":34,"column":42}},"34":{"start":{"line":35,"column":0},"end":{"line":35,"column":50}},"35":{"start":{"line":36,"column":0},"end":{"line":36,"column":50}},"36":{"start":{"line":37,"column":0},"end":{"line":37,"column":40}},"37":{"start":{"line":38,"column":0},"end":{"line":38,"column":40}},"38":{"start":{"line":39,"column":0},"end":{"line":39,"column":1}},"39":{"start":{"line":40,"column":0},"end":{"line":40,"column":0}},"40":{"start":{"line":41,"column":0},"end":{"line":41,"column":24}}},"s":{"0":0,"1":0,"2":0,"3":0,"4":0,"5":0,"6":0,"7":0,"8":0,"9":0,"10":0,"11":0,"12":0,"13":0,"14":0,"15":0,"16":0,"17":0,"18":0,"19":0,"20":0,"21":0,"22":0,"23":0,"24":0,"25":0,"26":0,"27":0,"28":0,"29":0,"30":0,"31":0,"32":0,"33":0,"34":0,"35":0,"36":0,"37":0,"38":0,"39":0,"40":0},"branchMap":{"0":{"type":"branch","line":1,"loc":{"start":{"line":1,"column":0},"end":{"line":41,"column":24}},"locations":[{"start":{"line":1,"column":0},"end":{"line":41,"column":24}}]}},"b":{"0":[0]},"fnMap":{"0":{"name":"(empty-report)","decl":{"start":{"line":1,"column":0},"end":{"line":41,"column":24}},"loc":{"start":{"line":1,"column":0},"end":{"line":41,"column":24}},"line":1}},"f":{"0":0}}
,"/home/wsl/projects/Full-stack-open-wandering/part2-notes-frontend-part2-1/src/components/Note.jsx": {"path":"/home/wsl/projects/Full-stack-open-wandering/part2-notes-frontend-part2-1/src/components/Note.jsx","all":false,"statementMap":{"0":{"start":{"line":1,"column":0},"end":{"line":1,"column":46}},"1":{"start":{"line":2,"column":0},"end":{"line":2,"column":72}},"2":{"start":{"line":3,"column":0},"end":{"line":3,"column":0}},"3":{"start":{"line":4,"column":0},"end":{"line":4,"column":10}},"4":{"start":{"line":5,"column":0},"end":{"line":5,"column":25}},"5":{"start":{"line":6,"column":0},"end":{"line":6,"column":39}},"6":{"start":{"line":7,"column":0},"end":{"line":7,"column":57}},"7":{"start":{"line":8,"column":0},"end":{"line":8,"column":9}},"8":{"start":{"line":9,"column":0},"end":{"line":9,"column":3}},"9":{"start":{"line":10,"column":0},"end":{"line":10,"column":1}},"10":{"start":{"line":11,"column":0},"end":{"line":11,"column":0}},"11":{"start":{"line":12,"column":0},"end":{"line":12,"column":19}}},"s":{"0":1,"1":1,"2":1,"3":1,"4":1,"5":1,"6":1,"7":1,"8":1,"9":1,"10":1,"11":1},"branchMap":{"0":{"type":"branch","line":1,"loc":{"start":{"line":1,"column":13},"end":{"line":10,"column":1}},"locations":[{"start":{"line":1,"column":13},"end":{"line":10,"column":1}}]},"1":{"type":"branch","line":2,"loc":{"start":{"line":2,"column":33},"end":{"line":2,"column":72}},"locations":[{"start":{"line":2,"column":33},"end":{"line":2,"column":72}}]}},"b":{"0":[1],"1":[0]},"fnMap":{"0":{"name":"Note","decl":{"start":{"line":1,"column":13},"end":{"line":10,"column":1}},"loc":{"start":{"line":1,"column":13},"end":{"line":10,"column":1}},"line":1}},"f":{"0":1}}
,"/home/wsl/projects/Full-stack-open-wandering/part2-notes-frontend-part2-1/src/components/NoteForm.jsx": {"path":"/home/wsl/projects/Full-stack-open-wandering/part2-notes-frontend-part2-1/src/components/NoteForm.jsx","all":false,"statementMap":{"0":{"start":{"line":1,"column":0},"end":{"line":1,"column":32}},"1":{"start":{"line":2,"column":0},"end":{"line":2,"column":0}},"2":{"start":{"line":3,"column":0},"end":{"line":3,"column":38}},"3":{"start":{"line":4,"column":0},"end":{"line":4,"column":44}},"4":{"start":{"line":5,"column":0},"end":{"line":5,"column":0}},"5":{"start":{"line":6,"column":0},"end":{"line":6,"column":35}},"6":{"start":{"line":7,"column":0},"end":{"line":7,"column":34}},"7":{"start":{"line":8,"column":0},"end":{"line":8,"column":3}},"8":{"start":{"line":9,"column":0},"end":{"line":9,"column":0}},"9":{"start":{"line":10,"column":0},"end":{"line":10,"column":30}},"10":{"start":{"line":11,"column":0},"end":{"line":11,"column":26}},"11":{"start":{"line":12,"column":0},"end":{"line":12,"column":16}},"12":{"start":{"line":13,"column":0},"end":{"line":13,"column":23}},"13":{"start":{"line":14,"column":0},"end":{"line":14,"column":22}},"14":{"start":{"line":15,"column":0},"end":{"line":15,"column":6}},"15":{"start":{"line":16,"column":0},"end":{"line":16,"column":0}},"16":{"start":{"line":17,"column":0},"end":{"line":17,"column":18}},"17":{"start":{"line":18,"column":0},"end":{"line":18,"column":3}},"18":{"start":{"line":19,"column":0},"end":{"line":19,"column":0}},"19":{"start":{"line":20,"column":0},"end":{"line":20,"column":10}},"20":{"start":{"line":21,"column":0},"end":{"line":21,"column":29}},"21":{"start":{"line":22,"column":0},"end":{"line":22,"column":32}},"22":{"start":{"line":23,"column":0},"end":{"line":23,"column":0}},"23":{"start":{"line":24,"column":0},"end":{"line":24,"column":31}},"24":{"start":{"line":25,"column":0},"end":{"line":25,"column":14}},"25":{"start":{"line":26,"column":0},"end":{"line":26,"column":25}},"26":{"start":{"line":27,"column":0},"end":{"line":27,"column":33}},"27":{"start":{"line":28,"column":0},"end":{"line":28,"column":47}},"28":{"start":{"line":29,"column":0},"end":{"line":29,"column":10}},"29":{"start":{"line":30,"column":0},"end":{"line":30,"column":43}},"30":{"start":{"line":31,"column":0},"end":{"line":31,"column":13}},"31":{"start":{"line":32,"column":0},"end":{"line":32,"column":10}},"32":{"start":{"line":33,"column":0},"end":{"line":33,"column":3}},"33":{"start":{"line":34,"column":0},"end":{"line":34,"column":1}},"34":{"start":{"line":35,"column":0},"end":{"line":35,"column":0}},"35":{"start":{"line":36,"column":0},"end":{"line":36,"column":23}}},"s":{"0":1,"1":1,"2":1,"3":19,"4":19,"5":19,"6":17,"7":17,"8":19,"9":19,"10":1,"11":1,"12":1,"13":1,"14":1,"15":1,"16":1,"17":1,"18":19,"19":19,"20":19,"21":19,"22":19,"23":19,"24":19,"25":19,"26":19,"27":19,"28":19,"29":19,"30":19,"31":19,"32":19,"33":19,"34":1,"35":1},"branchMap":{"0":{"type":"branch","line":3,"loc":{"start":{"line":3,"column":17},"end":{"line":34,"column":1}},"locations":[{"start":{"line":3,"column":17},"end":{"line":34,"column":1}}]},"1":{"type":"branch","line":6,"loc":{"start":{"line":6,"column":23},"end":{"line":8,"column":3}},"locations":[{"start":{"line":6,"column":23},"end":{"line":8,"column":3}}]},"2":{"type":"branch","line":10,"loc":{"start":{"line":10,"column":18},"end":{"line":18,"column":3}},"locations":[{"start":{"line":10,"column":18},"end":{"line":18,"column":3}}]}},"b":{"0":[19],"1":[17],"2":[1]},"fnMap":{"0":{"name":"NoteForm","decl":{"start":{"line":3,"column":17},"end":{"line":34,"column":1}},"loc":{"start":{"line":3,"column":17},"end":{"line":34,"column":1}},"line":3},"1":{"name":"handleChange","decl":{"start":{"line":6,"column":23},"end":{"line":8,"column":3}},"loc":{"start":{"line":6,"column":23},"end":{"line":8,"column":3}},"line":6},"2":{"name":"addNote","decl":{"start":{"line":10,"column":18},"end":{"line":18,"column":3}},"loc":{"start":{"line":10,"column":18},"end":{"line":18,"column":3}},"line":10}},"f":{"0":19,"1":17,"2":1}}
,"/home/wsl/projects/Full-stack-open-wandering/part2-notes-frontend-part2-1/src/components/Notification.jsx": {"path":"/home/wsl/projects/Full-stack-open-wandering/part2-notes-frontend-part2-1/src/components/Notification.jsx","all":true,"statementMap":{"0":{"start":{"line":1,"column":0},"end":{"line":1,"column":39}},"1":{"start":{"line":2,"column":0},"end":{"line":2,"column":25}},"2":{"start":{"line":3,"column":0},"end":{"line":3,"column":15}},"3":{"start":{"line":4,"column":0},"end":{"line":4,"column":3}},"4":{"start":{"line":5,"column":0},"end":{"line":5,"column":0}},"5":{"start":{"line":6,"column":0},"end":{"line":6,"column":47}},"6":{"start":{"line":7,"column":0},"end":{"line":7,"column":1}},"7":{"start":{"line":8,"column":0},"end":{"line":8,"column":0}},"8":{"start":{"line":9,"column":0},"end":{"line":9,"column":27}}},"s":{"0":0,"1":0,"2":0,"3":0,"4":0,"5":0,"6":0,"7":0,"8":0},"branchMap":{"0":{"type":"branch","line":1,"loc":{"start":{"line":1,"column":0},"end":{"line":9,"column":27}},"locations":[{"start":{"line":1,"column":0},"end":{"line":9,"column":27}}]}},"b":{"0":[0]},"fnMap":{"0":{"name":"(empty-report)","decl":{"start":{"line":1,"column":0},"end":{"line":9,"column":27}},"loc":{"start":{"line":1,"column":0},"end":{"line":9,"column":27}},"line":1}},"f":{"0":0}}
,"/home/wsl/projects/Full-stack-open-wandering/part2-notes-frontend-part2-1/src/components/Togglable.jsx": {"path":"/home/wsl/projects/Full-stack-open-wandering/part2-notes-frontend-part2-1/src/components/Togglable.jsx","all":false,"statementMap":{"0":{"start":{"line":1,"column":0},"end":{"line":1,"column":65}},"1":{"start":{"line":2,"column":0},"end":{"line":2,"column":34}},"2":{"start":{"line":3,"column":0},"end":{"line":3,"column":0}},"3":{"start":{"line":4,"column":0},"end":{"line":4,"column":47}},"4":{"start":{"line":5,"column":0},"end":{"line":5,"column":47}},"5":{"start":{"line":6,"column":0},"end":{"line":6,"column":0}},"6":{"start":{"line":7,"column":0},"end":{"line":7,"column":60}},"7":{"start":{"line":8,"column":0},"end":{"line":8,"column":60}},"8":{"start":{"line":9,"column":0},"end":{"line":9,"column":0}},"9":{"start":{"line":10,"column":0},"end":{"line":10,"column":34}},"10":{"start":{"line":11,"column":0},"end":{"line":11,"column":24}},"11":{"start":{"line":12,"column":0},"end":{"line":12,"column":3}},"12":{"start":{"line":13,"column":0},"end":{"line":13,"column":0}},"13":{"start":{"line":14,"column":0},"end":{"line":14,"column":35}},"14":{"start":{"line":15,"column":0},"end":{"line":15,"column":12}},"15":{"start":{"line":16,"column":0},"end":{"line":16,"column":23}},"16":{"start":{"line":17,"column":0},"end":{"line":17,"column":5}},"17":{"start":{"line":18,"column":0},"end":{"line":18,"column":4}},"18":{"start":{"line":19,"column":0},"end":{"line":19,"column":0}},"19":{"start":{"line":20,"column":0},"end":{"line":20,"column":10}},"20":{"start":{"line":21,"column":0},"end":{"line":21,"column":9}},"21":{"start":{"line":22,"column":0},"end":{"line":22,"column":35}},"22":{"start":{"line":23,"column":0},"end":{"line":23,"column":71}},"23":{"start":{"line":24,"column":0},"end":{"line":24,"column":12}},"24":{"start":{"line":25,"column":0},"end":{"line":25,"column":64}},"25":{"start":{"line":26,"column":0},"end":{"line":26,"column":24}},"26":{"start":{"line":27,"column":0},"end":{"line":27,"column":58}},"27":{"start":{"line":28,"column":0},"end":{"line":28,"column":12}},"28":{"start":{"line":29,"column":0},"end":{"line":29,"column":10}},"29":{"start":{"line":30,"column":0},"end":{"line":30,"column":3}},"30":{"start":{"line":31,"column":0},"end":{"line":31,"column":2}},"31":{"start":{"line":32,"column":0},"end":{"line":32,"column":0}},"32":{"start":{"line":33,"column":0},"end":{"line":33,"column":23}},"33":{"start":{"line":34,"column":0},"end":{"line":34,"column":43}},"34":{"start":{"line":35,"column":0},"end":{"line":35,"column":1}},"35":{"start":{"line":36,"column":0},"end":{"line":36,"column":0}},"36":{"start":{"line":37,"column":0},"end":{"line":37,"column":35}},"37":{"start":{"line":38,"column":0},"end":{"line":38,"column":0}},"38":{"start":{"line":39,"column":0},"end":{"line":39,"column":24}}},"s":{"0":1,"1":1,"2":1,"3":1,"4":7,"5":7,"6":7,"7":7,"8":7,"9":7,"10":3,"11":3,"12":7,"13":7,"14":0,"15":0,"16":0,"17":7,"18":7,"19":7,"20":7,"21":7,"22":7,"23":7,"24":7,"25":7,"26":7,"27":7,"28":7,"29":7,"30":7,"31":1,"32":1,"33":1,"34":1,"35":1,"36":1,"37":1,"38":1},"branchMap":{"0":{"type":"branch","line":4,"loc":{"start":{"line":4,"column":29},"end":{"line":31,"column":2}},"locations":[{"start":{"line":4,"column":29},"end":{"line":31,"column":2}}]},"1":{"type":"branch","line":7,"loc":{"start":{"line":7,"column":37},"end":{"line":7,"column":56}},"locations":[{"start":{"line":7,"column":37},"end":{"line":7,"column":56}}]},"2":{"type":"branch","line":7,"loc":{"start":{"line":7,"column":47},"end":{"line":7,"column":59}},"locations":[{"start":{"line":7,"column":47},"end":{"line":7,"column":59}}]},"3":{"type":"branch","line":8,"loc":{"start":{"line":8,"column":37},"end":{"line":8,"column":52}},"locations":[{"start":{"line":8,"column":37},"end":{"line":8,"column":52}}]},"4":{"type":"branch","line":8,"loc":{"start":{"line":8,"column":47},"end":{"line":8,"column":59}},"locations":[{"start":{"line":8,"column":47},"end":{"line":8,"column":59}}]},"5":{"type":"branch","line":10,"loc":{"start":{"line":10,"column":27},"end":{"line":12,"column":3}},"locations":[{"start":{"line":10,"column":27},"end":{"line":12,"column":3}}]}},"b":{"0":[7],"1":[2],"2":[5],"3":[2],"4":[5],"5":[3]},"fnMap":{"0":{"name":"toggleVisibility","decl":{"start":{"line":10,"column":27},"end":{"line":12,"column":3}},"loc":{"start":{"line":10,"column":27},"end":{"line":12,"column":3}},"line":10}},"f":{"0":3}}
,"/home/wsl/projects/Full-stack-open-wandering/part2-notes-frontend-part2-1/src/services/login.js": {"path":"/home/wsl/projects/Full-stack-open-wandering/part2-notes-frontend-part2-1/src/services/login.js","all":true,"statementMap":{"0":{"start":{"line":1,"column":0},"end":{"line":1,"column":25}},"1":{"start":{"line":2,"column":0},"end":{"line":2,"column":28}},"2":{"start":{"line":3,"column":0},"end":{"line":3,"column":0}},"3":{"start":{"line":4,"column":0},"end":{"line":4,"column":36}},"4":{"start":{"line":5,"column":0},"end":{"line":5,"column":57}},"5":{"start":{"line":6,"column":0},"end":{"line":6,"column":22}},"6":{"start":{"line":7,"column":0},"end":{"line":7,"column":1}},"7":{"start":{"line":8,"column":0},"end":{"line":8,"column":0}},"8":{"start":{"line":9,"column":0},"end":{"line":9,"column":24}}},"s":{"0":0,"1":0,"2":0,"3":0,"4":0,"5":0,"6":0,"7":0,"8":0},"branchMap":{"0":{"type":"branch","line":1,"loc":{"start":{"line":1,"column":0},"end":{"line":9,"column":24}},"locations":[{"start":{"line":1,"column":0},"end":{"line":9,"column":24}}]}},"b":{"0":[0]},"fnMap":{"0":{"name":"(empty-report)","decl":{"start":{"line":1,"column":0},"end":{"line":9,"column":24}},"loc":{"start":{"line":1,"column":0},"end":{"line":9,"column":24}},"line":1}},"f":{"0":0}}
,"/home/wsl/projects/Full-stack-open-wandering/part2-notes-frontend-part2-1/src/services/notes.js": {"path":"/home/wsl/projects/Full-stack-open-wandering/part2-notes-frontend-part2-1/src/services/notes.js","all":true,"statementMap":{"0":{"start":{"line":1,"column":0},"end":{"line":1,"column":25}},"1":{"start":{"line":2,"column":0},"end":{"line":2,"column":28}},"2":{"start":{"line":3,"column":0},"end":{"line":3,"column":0}},"3":{"start":{"line":4,"column":0},"end":{"line":4,"column":16}},"4":{"start":{"line":5,"column":0},"end":{"line":5,"column":0}},"5":{"start":{"line":6,"column":0},"end":{"line":6,"column":32}},"6":{"start":{"line":7,"column":0},"end":{"line":7,"column":30}},"7":{"start":{"line":8,"column":0},"end":{"line":8,"column":1}},"8":{"start":{"line":9,"column":0},"end":{"line":9,"column":0}},"9":{"start":{"line":10,"column":0},"end":{"line":10,"column":22}},"10":{"start":{"line":11,"column":0},"end":{"line":11,"column":36}},"11":{"start":{"line":12,"column":0},"end":{"line":12,"column":50}},"12":{"start":{"line":13,"column":0},"end":{"line":13,"column":1}},"13":{"start":{"line":14,"column":0},"end":{"line":14,"column":0}},"14":{"start":{"line":15,"column":0},"end":{"line":15,"column":37}},"15":{"start":{"line":16,"column":0},"end":{"line":16,"column":18}},"16":{"start":{"line":17,"column":0},"end":{"line":17,"column":38}},"17":{"start":{"line":18,"column":0},"end":{"line":18,"column":3}},"18":{"start":{"line":19,"column":0},"end":{"line":19,"column":0}},"19":{"start":{"line":20,"column":0},"end":{"line":20,"column":63}},"20":{"start":{"line":21,"column":0},"end":{"line":21,"column":22}},"21":{"start":{"line":22,"column":0},"end":{"line":22,"column":1}},"22":{"start":{"line":23,"column":0},"end":{"line":23,"column":0}},"23":{"start":{"line":24,"column":0},"end":{"line":24,"column":35}},"24":{"start":{"line":25,"column":0},"end":{"line":25,"column":34}},"25":{"start":{"line":26,"column":0},"end":{"line":26,"column":58}},"26":{"start":{"line":27,"column":0},"end":{"line":27,"column":50}},"27":{"start":{"line":28,"column":0},"end":{"line":28,"column":1}},"28":{"start":{"line":29,"column":0},"end":{"line":29,"column":0}},"29":{"start":{"line":30,"column":0},"end":{"line":30,"column":51}}},"s":{"0":0,"1":0,"2":0,"3":0,"4":0,"5":0,"6":0,"7":0,"8":0,"9":0,"10":0,"11":0,"12":0,"13":0,"14":0,"15":0,"16":0,"17":0,"18":0,"19":0,"20":0,"21":0,"22":0,"23":0,"24":0,"25":0,"26":0,"27":0,"28":0,"29":0},"branchMap":{"0":{"type":"branch","line":1,"loc":{"start":{"line":1,"column":0},"end":{"line":30,"column":51}},"locations":[{"start":{"line":1,"column":0},"end":{"line":30,"column":51}}]}},"b":{"0":[0]},"fnMap":{"0":{"name":"(empty-report)","decl":{"start":{"line":1,"column":0},"end":{"line":30,"column":51}},"loc":{"start":{"line":1,"column":0},"end":{"line":30,"column":51}},"line":1}},"f":{"0":0}}
}
